<?xml version="1.0" encoding="UTF-8" ?>
<testsuite errors="0" failures="1" hostname="T_Nghia" name="calculator.ConcateTest" skipped="0" tests="1" time="0.091" timestamp="2015-12-12T21:11:22">
  <properties>
[...]
</properties>
  <testcase classname="calculator.ConcateTest" name="test" time="0.006">
    <failure message="expected:&lt;30&gt; but was:&lt;20&gt;" type="junit.framework.AssertionFailedError">junit.framework.AssertionFailedError: expected:&lt;30&gt; but was:&lt;20&gt;
	at calculator.ConcateTest.test(ConcateTest.java:10)
</failure>
  </testcase>
  <system-out><![CDATA[]]></system-out>
  <system-err><![CDATA[]]></system-err>
</testsuite>
